[debug] [2024-07-22T18:19:10.493Z] ----------------------------------------------------------------------
[debug] [2024-07-22T18:19:10.502Z] Command:       C:\Program Files\nodejs\node.exe C:\Users\user\AppData\Roaming\npm\node_modules\firebase-tools\lib\bin\firebase.js init
[debug] [2024-07-22T18:19:10.503Z] CLI Version:   13.13.3
[debug] [2024-07-22T18:19:10.504Z] Platform:      win32
[debug] [2024-07-22T18:19:10.505Z] Node Version:  v19.0.1
[debug] [2024-07-22T18:19:10.505Z] Time:          Mon Jul 22 2024 23:49:10 GMT+0530 (India Standard Time)
[debug] [2024-07-22T18:19:10.506Z] ----------------------------------------------------------------------
[debug] 
[debug] [2024-07-22T18:19:10.525Z] > command requires scopes: ["email","openid","https://www.googleapis.com/auth/cloudplatformprojects.readonly","https://www.googleapis.com/auth/firebase","https://www.googleapis.com/auth/cloud-platform"]
[debug] [2024-07-22T18:19:10.527Z] > authorizing via signed-in user (sakshi.shahani02@gmail.com)
[info] 
     ######## #### ########  ######## ########     ###     ######  ########
     ##        ##  ##     ## ##       ##     ##  ##   ##  ##       ##
     ######    ##  ########  ######   ########  #########  ######  ######
     ##        ##  ##    ##  ##       ##     ## ##     ##       ## ##
     ##       #### ##     ## ######## ########  ##     ##  ######  ########

You're about to initialize a Firebase project in this directory:

  C:\Users\user\OneDrive\Desktop\project\easecart

[info] 
=== Project Setup
[info] 
[info] First, let's associate this project directory with a Firebase project.
[info] You can create multiple project aliases by running firebase use --add, 
[info] but for now we'll just set up a default project.
[info] 
[debug] [2024-07-22T18:23:33.736Z] >>> [apiv2][query] GET https://firebase.googleapis.com/v1beta1/projects pageSize=100
[debug] [2024-07-22T18:23:35.075Z] <<< [apiv2][status] GET https://firebase.googleapis.com/v1beta1/projects 200
[debug] [2024-07-22T18:23:35.076Z] <<< [apiv2][body] GET https://firebase.googleapis.com/v1beta1/projects [omitted]
[info] i  Using project easecart-challenge (Easecart-challenge) 
[info] 
=== Hosting Setup
[debug] [2024-07-22T18:24:01.524Z] >>> [apiv2][query] GET https://firebase.googleapis.com/v1beta1/projects/easecart-challenge [none]
[debug] [2024-07-22T18:24:02.390Z] <<< [apiv2][status] GET https://firebase.googleapis.com/v1beta1/projects/easecart-challenge 200
[debug] [2024-07-22T18:24:02.391Z] <<< [apiv2][body] GET https://firebase.googleapis.com/v1beta1/projects/easecart-challenge {"projectId":"easecart-challenge","projectNumber":"13094294764","displayName":"Easecart-challenge","name":"projects/easecart-challenge","resources":{"hostingSite":"easecart-challenge"},"state":"ACTIVE","etag":"1_428061d6-93bb-4e26-83b2-0a02fa0c2c59"}
[info] 
[info] Your public directory is the folder (relative to your project directory) that
[info] will contain Hosting assets to be uploaded with firebase deploy. If you
[info] have a build process for your assets, use your build's output directory.
[info] 
[debug] [2024-07-22T18:28:55.191Z] >>> [apiv2][query] GET https://www.gstatic.com/firebasejs/releases.json [none]
[debug] [2024-07-22T18:28:55.369Z] <<< [apiv2][status] GET https://www.gstatic.com/firebasejs/releases.json 200
[debug] [2024-07-22T18:28:55.370Z] <<< [apiv2][body] GET https://www.gstatic.com/firebasejs/releases.json {"current":{"version":"10.12.4","browserURL":"https://www.gstatic.com/firebasejs/10.12.4/firebase.js","packageURL":"https://www.gstatic.com/firebasejs/10.12.4/firebase.tgz"},"live":{"version":"10.12","browserURL":"https://www.gstatic.com/firebasejs/live/10.12/firebase.js","packageURL":"https://www.gstatic.com/firebasejs/live/10.12/firebase.tgz"},"components":{"analytics":"https://www.gstatic.com/firebasejs/10.12.4/firebase-analytics.js","app":"https://www.gstatic.com/firebasejs/10.12.4/firebase-app.js","app-check":"https://www.gstatic.com/firebasejs/10.12.4/firebase-app-check.js","auth":"https://www.gstatic.com/firebasejs/10.12.4/firebase-auth.js","auth/cordova":"https://www.gstatic.com/firebasejs/10.12.4/firebase-auth/cordova.js","auth/web-extension":"https://www.gstatic.com/firebasejs/10.12.4/firebase-auth/web-extension.js","functions":"https://www.gstatic.com/firebasejs/10.12.4/firebase-functions.js","firestore":"https://www.gstatic.com/firebasejs/10.12.4/firebase-firestore.js","firestore/lite":"https://www.gstatic.com/firebasejs/10.12.4/firebase-firestore/lite.js","installations":"https://www.gstatic.com/firebasejs/10.12.4/firebase-installations.js","storage":"https://www.gstatic.com/firebasejs/10.12.4/firebase-storage.js","performance":"https://www.gstatic.com/firebasejs/10.12.4/firebase-performance.js","remote-config":"https://www.gstatic.com/firebasejs/10.12.4/firebase-remote-config.js","messaging":"https://www.gstatic.com/firebasejs/10.12.4/firebase-messaging.js","messaging/sw":"https://www.gstatic.com/firebasejs/10.12.4/firebase-messaging/sw.js","database":"https://www.gstatic.com/firebasejs/10.12.4/firebase-database.js","vertexai-preview":"https://www.gstatic.com/firebasejs/10.12.4/firebase-vertexai-preview.js","firestore.memory":"https://www.gstatic.com/firebasejs/10.12.4/firebase-firestore.memory.js"}}
[info] +  Wrote build/index.html 
[info] 
[info] i  Didn't detect a .git folder. Assuming C:\Users\user\OneDrive\Desktop\project\easecart is the project root. 
[info] i  Authorizing with GitHub to upload your service account to a GitHub repository's secrets store. 
[info] 
[info] Visit this URL on this device to log in:
[info] https://github.com/login/oauth/authorize?client_id=89cf50f02ac6aaed3484&state=709298261&redirect_uri=http%3A%2F%2Flocalhost%3A9005&scope=read%3Auser%20repo%20public_repo
[info] 
[info] Waiting for authentication...
[debug] [2024-07-22T18:29:29.815Z] >>> [apiv2][query] POST https://github.com/login/oauth/access_token [none]
[debug] [2024-07-22T18:29:29.815Z] >>> [apiv2][body] POST https://github.com/login/oauth/access_token [stream]
[debug] [2024-07-22T18:29:31.615Z] <<< [apiv2][status] POST https://github.com/login/oauth/access_token 200
[debug] [2024-07-22T18:29:31.616Z] <<< [apiv2][body] POST https://github.com/login/oauth/access_token {"access_token":"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","token_type":"bearer","scope":"read:user,repo"}
[debug] [2024-07-22T18:29:31.641Z] >>> [apiv2][query] GET https://api.github.com/user [none]
[debug] [2024-07-22T18:29:43.479Z] <<< [apiv2][status] GET https://api.github.com/user 200
[debug] [2024-07-22T18:29:43.479Z] <<< [apiv2][body] GET https://api.github.com/user {"login":"sakshishahani","id":117751470,"node_id":"U_kgDOBwS-rg","avatar_url":"https://avatars.githubusercontent.com/u/117751470?v=4","gravatar_id":"","url":"https://api.github.com/users/sakshishahani","html_url":"https://github.com/sakshishahani","followers_url":"https://api.github.com/users/sakshishahani/followers","following_url":"https://api.github.com/users/sakshishahani/following{/other_user}","gists_url":"https://api.github.com/users/sakshishahani/gists{/gist_id}","starred_url":"https://api.github.com/users/sakshishahani/starred{/owner}{/repo}","subscriptions_url":"https://api.github.com/users/sakshishahani/subscriptions","organizations_url":"https://api.github.com/users/sakshishahani/orgs","repos_url":"https://api.github.com/users/sakshishahani/repos","events_url":"https://api.github.com/users/sakshishahani/events{/privacy}","received_events_url":"https://api.github.com/users/sakshishahani/received_events","type":"User","site_admin":false,"name":null,"company":null,"blog":"","location":null,"email":null,"hireable":null,"bio":null,"twitter_username":null,"public_repos":1,"public_gists":0,"followers":0,"following":0,"created_at":"2022-11-08T14:56:25Z","updated_at":"2024-07-22T18:29:20Z","private_gists":0,"total_private_repos":0,"owned_private_repos":0,"disk_usage":2,"collaborators":0,"two_factor_authentication":false,"plan":{"name":"free","space":976562499,"collaborators":0,"private_repos":10000}}
[info] 
[info] +  Success! Logged into GitHub as sakshishahani 
[info] 
